<?xml version="1.0" encoding="UTF-8"?>
<!-- Generated by org.testng.reporters.JUnitReportReporter -->
<testsuite name="assigment.assignment2.Test1.FlightSearchTest" tests="6" time="107.274" ignored="0" failures="0" timestamp="23 Feb 2018 05:47:29 GMT" skipped="0" hostname="ICPL11471" errors="0">
  <testcase name="searchForFlights" time="31.037" classname="assigment.assignment2.Test1.FlightSearchTest"/>
  <testcase name="validateResult" time="6.428" classname="assigment.assignment2.Test1.FlightSearchTest"/>
  <testcase name="navigate" time="10.082" classname="assigment.assignment2.Test1.FlightSearchTest"/>
  <testcase name="validateResult" time="6.484" classname="assigment.assignment2.Test1.FlightSearchTest"/>
  <testcase name="searchForFlights" time="44.322" classname="assigment.assignment2.Test1.FlightSearchTest"/>
  <testcase name="navigate" time="8.921" classname="assigment.assignment2.Test1.FlightSearchTest"/>
</testsuite> <!-- assigment.assignment2.Test1.FlightSearchTest -->
