<?xml version="1.0" encoding="UTF-8"?>
<!-- Generated by org.testng.reporters.JUnitReportReporter -->
<testsuite name="assigment.assignment2.Test1.FlightSearchTest" tests="6" time="66.894" ignored="0" failures="0" timestamp="21 Feb 2018 06:44:48 GMT" skipped="0" hostname="ICPL11471" errors="0">
  <testcase name="searchForFlights" time="15.033" classname="assigment.assignment2.Test1.FlightSearchTest"/>
  <testcase name="navigate" time="8.636" classname="assigment.assignment2.Test1.FlightSearchTest"/>
  <testcase name="validateResult" time="7.090" classname="assigment.assignment2.Test1.FlightSearchTest"/>
  <testcase name="searchForFlights" time="30.054" classname="assigment.assignment2.Test1.FlightSearchTest"/>
  <testcase name="navigate" time="0.053" classname="assigment.assignment2.Test1.FlightSearchTest"/>
  <testcase name="validateResult" time="6.028" classname="assigment.assignment2.Test1.FlightSearchTest"/>
</testsuite> <!-- assigment.assignment2.Test1.FlightSearchTest -->
